<?xml version="1.0" encoding="UTF-8"?>
<!-- Generated by org.testng.reporters.JUnitReportReporter -->
<testsuite hostname="ShailjaSingh" name="sampleTests.LoginTest" tests="5" failures="0" timestamp="26 Jul 2019 07:21:37 GMT" time="43.372" errors="0">
  <testcase name="testLogin" time="7.593" classname="sampleTests.LoginTest"/>
  <testcase name="testAddCart" time="26.556" classname="sampleTests.LoginTest"/>
  <testcase name="testValidateItems" time="5.644" classname="sampleTests.LoginTest"/>
  <testcase name="testLogout" time="1.058" classname="sampleTests.LoginTest"/>
  <testcase name="testSaveLater" time="2.521" classname="sampleTests.LoginTest"/>
</testsuite> <!-- sampleTests.LoginTest -->
